Configuring readline-1.0.3.0...
checking for gcc... gcc
checking for C compiler default output file name... a.out
checking whether the C compiler works... yes
checking whether we are cross compiling... no
checking for suffix of executables... 
checking for suffix of object files... o
checking whether we are using the GNU C compiler... yes
checking whether gcc accepts -g... yes
checking for gcc option to accept ISO C89... none needed
checking for GNUreadline.framework... checking for readline... no
checking for tputs in -lncurses... no
checking for tputs in -ltermcap... yes
checking for readline in -lreadline... yes
checking for rl_readline_version... yes
checking for rl_begin_undo_group... yes
checking for rl_erase_empty_line... yes
checking for rl_free_undo_list... yes
checking for rl_completion_word_break_hook in -lreadline... yes
configure: creating ./config.status
config.status: creating config.mk
config.status: creating readline.buildinfo
config.status: creating include/HsReadlineConfig.h
config.status: include/HsReadlineConfig.h is unchanged
Building readline-1.0.3.0...
Preprocessing library readline-1.0.3.0...
[1 of 2] Compiling System.Console.SimpleLineEditor ( System/Console/SimpleLineEditor.hs, dist/dist-sandbox-29c23bd3/build/System/Console/SimpleLineEditor.o )

System/Console/SimpleLineEditor.hs:19:15: Warning: Tab character

System/Console/SimpleLineEditor.hs:20:12: Warning: Tab character

System/Console/SimpleLineEditor.hs:21:18: Warning: Tab character

System/Console/SimpleLineEditor.hs:22:13: Warning: Tab character

System/Console/SimpleLineEditor.hs:33:1: Warning:
    Module ‘System.Cmd’ is deprecated: Use "System.Process" instead

System/Console/SimpleLineEditor.hs:104:21: Warning: Tab character

System/Console/SimpleLineEditor.hs:105:1: Warning: Tab character

System/Console/SimpleLineEditor.hs:128:21: Warning: Tab character
[2 of 2] Compiling System.Console.Readline ( dist/dist-sandbox-29c23bd3/build/System/Console/Readline.hs, dist/dist-sandbox-29c23bd3/build/System/Console/Readline.o )

System/Console/Readline.hsc:286:21: Warning: Tab character

System/Console/Readline.hsc:287:17: Warning: Tab character

System/Console/Readline.hsc:288:18: Warning: Tab character

System/Console/Readline.hsc:289:17: Warning: Tab character

System/Console/Readline.hsc:291:18: Warning: Tab character

System/Console/Readline.hsc:292:19: Warning: Tab character

System/Console/Readline.hsc:293:1: Warning: Tab character

System/Console/Readline.hsc:294:24: Warning: Tab character

System/Console/Readline.hsc:298:23: Warning: Tab character

System/Console/Readline.hsc:299:24: Warning: Tab character

System/Console/Readline.hsc:300:1: Warning: Tab character

System/Console/Readline.hsc:301:24: Warning: Tab character

System/Console/Readline.hsc:325:1: Warning: Tab character
In-place registering readline-1.0.3.0...
Creating package registration file:
/tmp/pkgConf-readline-1.0.310252023621350490027.0
Installing library in
/home/joey/thesis/lambda-pi-constraint/.cabal-sandbox/lib/x86_64-linux-ghc-7.10.2.20151105/readline-1.0.3.0-LhW0CAEIVrvCOHNig0WVsm
Registering readline-1.0.3.0...
